android/app/build/intermediates/manifest_merge_blame_file/debug/processDebugMainManifest/manifest-merger-blame-debug-report.txt
1<?xml version="1.0" encoding="utf-8"?>
2<manifest xmlns:android="http://schemas.android.com/apk/res/android"
3    package="com.musicapp"
4    android:versionCode="1"
5    android:versionName="1.0" >
6
7    <uses-sdk
8        android:minSdkVersion="26"
9        android:targetSdkVersion="35" />
10
11    <!-- Разрешения -->
12    <uses-permission android:name="android.permission.INTERNET" />
12-->src\main\AndroidManifest.xml:6:5-67
12-->src\main\AndroidManifest.xml:6:22-64
13    <uses-permission android:name="android.permission.ACCESS_NETWORK_STATE" />
13-->src\main\AndroidManifest.xml:7:5-79
13-->src\main\AndroidManifest.xml:7:22-76
14    <uses-permission android:name="android.permission.FOREGROUND_SERVICE" />
14-->src\main\AndroidManifest.xml:8:5-77
14-->src\main\AndroidManifest.xml:8:22-74
15    <uses-permission android:name="android.permission.FOREGROUND_SERVICE_MEDIA_PLAYBACK" />
15-->src\main\AndroidManifest.xml:9:5-92
15-->src\main\AndroidManifest.xml:9:22-89
16    <uses-permission android:name="android.permission.POST_NOTIFICATIONS" />
16-->src\main\AndroidManifest.xml:10:5-77
16-->src\main\AndroidManifest.xml:10:22-74
17    <uses-permission android:name="android.permission.WAKE_LOCK" />
17-->src\main\AndroidManifest.xml:11:5-68
17-->src\main\AndroidManifest.xml:11:22-65
18    <uses-permission
18-->src\main\AndroidManifest.xml:12:5-13:38
19        android:name="android.permission.READ_EXTERNAL_STORAGE"
19-->src\main\AndroidManifest.xml:12:22-77
20        android:maxSdkVersion="32" />
20-->src\main\AndroidManifest.xml:13:9-35
21    <uses-permission android:name="android.permission.READ_MEDIA_AUDIO" />
21-->src\main\AndroidManifest.xml:14:5-75
21-->src\main\AndroidManifest.xml:14:22-72
22
23    <permission
23-->[androidx.core:core:1.13.0] AndroidManifest.xml:22:5-24:47
24        android:name="com.musicapp.DYNAMIC_RECEIVER_NOT_EXPORTED_PERMISSION"
24-->[androidx.core:core:1.13.0] AndroidManifest.xml:23:9-81
25        android:protectionLevel="signature" />
25-->[androidx.core:core:1.13.0] AndroidManifest.xml:24:9-44
26
27    <uses-permission android:name="com.musicapp.DYNAMIC_RECEIVER_NOT_EXPORTED_PERMISSION" />
27-->[androidx.core:core:1.13.0] AndroidManifest.xml:26:5-97
27-->[androidx.core:core:1.13.0] AndroidManifest.xml:26:22-94
28
29    <application
29-->src\main\AndroidManifest.xml:16:5-73:19
30        android:name="com.musicapp.MusicApp"
30-->src\main\AndroidManifest.xml:18:9-33
31        android:allowBackup="true"
31-->src\main\AndroidManifest.xml:19:9-35
32        android:appComponentFactory="androidx.core.app.CoreComponentFactory"
32-->[androidx.core:core:1.13.0] AndroidManifest.xml:28:18-86
33        android:debuggable="true"
34        android:extractNativeLibs="false"
35        android:icon="@mipmap/ic_launcher"
35-->src\main\AndroidManifest.xml:20:9-43
36        android:label="@string/app_name"
36-->src\main\AndroidManifest.xml:21:9-41
37        android:roundIcon="@mipmap/ic_launcher_round"
37-->src\main\AndroidManifest.xml:22:9-54
38        android:supportsRtl="true"
38-->src\main\AndroidManifest.xml:23:9-35
39        android:testOnly="true"
40        android:theme="@style/Theme.MusicApp"
40-->src\main\AndroidManifest.xml:24:9-46
41        android:usesCleartextTraffic="true" >
41-->src\main\AndroidManifest.xml:25:9-44
42
43        <!-- Splash / Entry Activity -->
44        <activity
44-->src\main\AndroidManifest.xml:29:9-37:20
45            android:name="com.musicapp.ui.SplashActivity"
45-->src\main\AndroidManifest.xml:30:13-46
46            android:exported="true"
46-->src\main\AndroidManifest.xml:31:13-36
47            android:theme="@style/Theme.MusicApp.Splash" >
47-->src\main\AndroidManifest.xml:32:13-57
48            <intent-filter>
48-->src\main\AndroidManifest.xml:33:13-36:29
49                <action android:name="android.intent.action.MAIN" />
49-->src\main\AndroidManifest.xml:34:17-69
49-->src\main\AndroidManifest.xml:34:25-66
50
51                <category android:name="android.intent.category.LAUNCHER" />
51-->src\main\AndroidManifest.xml:35:17-77
51-->src\main\AndroidManifest.xml:35:27-74
52            </intent-filter>
53        </activity>
54
55        <!-- Auth -->
56        <activity
56-->src\main\AndroidManifest.xml:40:9-42:58
57            android:name="com.musicapp.ui.auth.LoginActivity"
57-->src\main\AndroidManifest.xml:40:19-56
58            android:exported="false"
58-->src\main\AndroidManifest.xml:41:13-37
59            android:windowSoftInputMode="adjustResize" />
59-->src\main\AndroidManifest.xml:42:13-55
60        <activity
60-->src\main\AndroidManifest.xml:43:9-45:58
61            android:name="com.musicapp.ui.auth.RegisterActivity"
61-->src\main\AndroidManifest.xml:43:19-59
62            android:exported="false"
62-->src\main\AndroidManifest.xml:44:13-37
63            android:windowSoftInputMode="adjustResize" />
63-->src\main\AndroidManifest.xml:45:13-55
64        <activity
64-->src\main\AndroidManifest.xml:46:9-48:58
65            android:name="com.musicapp.ui.auth.ForgotPasswordActivity"
65-->src\main\AndroidManifest.xml:46:19-65
66            android:exported="false"
66-->src\main\AndroidManifest.xml:47:13-37
67            android:windowSoftInputMode="adjustResize" />
67-->src\main\AndroidManifest.xml:48:13-55
68
69        <!-- Main -->
70        <activity
70-->src\main\AndroidManifest.xml:51:9-52:40
71            android:name="com.musicapp.ui.MainActivity"
71-->src\main\AndroidManifest.xml:51:19-50
72            android:exported="false" />
72-->src\main\AndroidManifest.xml:52:13-37
73
74        <!-- Player -->
75        <activity
75-->src\main\AndroidManifest.xml:55:9-57:60
76            android:name="com.musicapp.ui.player.PlayerActivity"
76-->src\main\AndroidManifest.xml:55:19-59
77            android:exported="false"
77-->src\main\AndroidManifest.xml:56:13-37
78            android:theme="@style/Theme.MusicApp.Player" />
78-->src\main\AndroidManifest.xml:57:13-57
79
80        <!-- Playlist -->
81        <activity
81-->src\main\AndroidManifest.xml:60:9-61:40
82            android:name="com.musicapp.ui.playlist.PlaylistActivity"
82-->src\main\AndroidManifest.xml:60:19-63
83            android:exported="false" />
83-->src\main\AndroidManifest.xml:61:13-37
84
85        <!-- Music Service (foreground) -->
86        <service
86-->src\main\AndroidManifest.xml:64:9-71:19
87            android:name="com.musicapp.service.MusicService"
87-->src\main\AndroidManifest.xml:65:13-49
88            android:exported="false"
88-->src\main\AndroidManifest.xml:66:13-37
89            android:foregroundServiceType="mediaPlayback" >
89-->src\main\AndroidManifest.xml:67:13-58
90            <intent-filter>
90-->src\main\AndroidManifest.xml:68:13-70:29
91                <action android:name="androidx.media3.session.MediaSessionService" />
91-->src\main\AndroidManifest.xml:69:17-86
91-->src\main\AndroidManifest.xml:69:25-83
92            </intent-filter>
93        </service>
94
95        <provider
95-->[androidx.emoji2:emoji2:1.3.0] AndroidManifest.xml:24:9-32:20
96            android:name="androidx.startup.InitializationProvider"
96-->[androidx.emoji2:emoji2:1.3.0] AndroidManifest.xml:25:13-67
97            android:authorities="com.musicapp.androidx-startup"
97-->[androidx.emoji2:emoji2:1.3.0] AndroidManifest.xml:26:13-68
98            android:exported="false" >
98-->[androidx.emoji2:emoji2:1.3.0] AndroidManifest.xml:27:13-37
99            <meta-data
99-->[androidx.emoji2:emoji2:1.3.0] AndroidManifest.xml:29:13-31:52
100                android:name="androidx.emoji2.text.EmojiCompatInitializer"
100-->[androidx.emoji2:emoji2:1.3.0] AndroidManifest.xml:30:17-75
101                android:value="androidx.startup" />
101-->[androidx.emoji2:emoji2:1.3.0] AndroidManifest.xml:31:17-49
102            <meta-data
102-->[androidx.lifecycle:lifecycle-process:2.8.3] AndroidManifest.xml:29:13-31:52
103                android:name="androidx.lifecycle.ProcessLifecycleInitializer"
103-->[androidx.lifecycle:lifecycle-process:2.8.3] AndroidManifest.xml:30:17-78
104                android:value="androidx.startup" />
104-->[androidx.lifecycle:lifecycle-process:2.8.3] AndroidManifest.xml:31:17-49
105            <meta-data
105-->[androidx.profileinstaller:profileinstaller:1.3.1] AndroidManifest.xml:29:13-31:52
106                android:name="androidx.profileinstaller.ProfileInstallerInitializer"
106-->[androidx.profileinstaller:profileinstaller:1.3.1] AndroidManifest.xml:30:17-85
107                android:value="androidx.startup" />
107-->[androidx.profileinstaller:profileinstaller:1.3.1] AndroidManifest.xml:31:17-49
108        </provider>
109
110        <uses-library
110-->[androidx.window:window:1.0.0] AndroidManifest.xml:25:9-27:40
111            android:name="androidx.window.extensions"
111-->[androidx.window:window:1.0.0] AndroidManifest.xml:26:13-54
112            android:required="false" />
112-->[androidx.window:window:1.0.0] AndroidManifest.xml:27:13-37
113        <uses-library
113-->[androidx.window:window:1.0.0] AndroidManifest.xml:28:9-30:40
114            android:name="androidx.window.sidecar"
114-->[androidx.window:window:1.0.0] AndroidManifest.xml:29:13-51
115            android:required="false" />
115-->[androidx.window:window:1.0.0] AndroidManifest.xml:30:13-37
116
117        <receiver
117-->[androidx.profileinstaller:profileinstaller:1.3.1] AndroidManifest.xml:34:9-52:20
118            android:name="androidx.profileinstaller.ProfileInstallReceiver"
118-->[androidx.profileinstaller:profileinstaller:1.3.1] AndroidManifest.xml:35:13-76
119            android:directBootAware="false"
119-->[androidx.profileinstaller:profileinstaller:1.3.1] AndroidManifest.xml:36:13-44
120            android:enabled="true"
120-->[androidx.profileinstaller:profileinstaller:1.3.1] AndroidManifest.xml:37:13-35
121            android:exported="true"
121-->[androidx.profileinstaller:profileinstaller:1.3.1] AndroidManifest.xml:38:13-36
122            android:permission="android.permission.DUMP" >
122-->[androidx.profileinstaller:profileinstaller:1.3.1] AndroidManifest.xml:39:13-57
123            <intent-filter>
123-->[androidx.profileinstaller:profileinstaller:1.3.1] AndroidManifest.xml:40:13-42:29
124                <action android:name="androidx.profileinstaller.action.INSTALL_PROFILE" />
124-->[androidx.profileinstaller:profileinstaller:1.3.1] AndroidManifest.xml:41:17-91
124-->[androidx.profileinstaller:profileinstaller:1.3.1] AndroidManifest.xml:41:25-88
125            </intent-filter>
126            <intent-filter>
126-->[androidx.profileinstaller:profileinstaller:1.3.1] AndroidManifest.xml:43:13-45:29
127                <action android:name="androidx.profileinstaller.action.SKIP_FILE" />
127-->[androidx.profileinstaller:profileinstaller:1.3.1] AndroidManifest.xml:44:17-85
127-->[androidx.profileinstaller:profileinstaller:1.3.1] AndroidManifest.xml:44:25-82
128            </intent-filter>
129            <intent-filter>
129-->[androidx.profileinstaller:profileinstaller:1.3.1] AndroidManifest.xml:46:13-48:29
130                <action android:name="androidx.profileinstaller.action.SAVE_PROFILE" />
130-->[androidx.profileinstaller:profileinstaller:1.3.1] AndroidManifest.xml:47:17-88
130-->[androidx.profileinstaller:profileinstaller:1.3.1] AndroidManifest.xml:47:25-85
131            </intent-filter>
132            <intent-filter>
132-->[androidx.profileinstaller:profileinstaller:1.3.1] AndroidManifest.xml:49:13-51:29
133                <action android:name="androidx.profileinstaller.action.BENCHMARK_OPERATION" />
133-->[androidx.profileinstaller:profileinstaller:1.3.1] AndroidManifest.xml:50:17-95
133-->[androidx.profileinstaller:profileinstaller:1.3.1] AndroidManifest.xml:50:25-92
134            </intent-filter>
135        </receiver>
136    </application>
137
138</manifest>